GAMIL2.8_AMIP-sole.time_slice_from_1974.config.20150128-153212.nochecksum.tar
GAMIL2.8_AMIP-sole.time_slice_from_1974.config.20150128-153243.nochecksum.tar
GAMIL2.8_AMIP-sole.time_slice_from_1974.config.20150128-153403.nochecksum.tar
GAMIL2.8_AMIP-sole.time_slice_from_1974.config.20150128-153509.nochecksum.tar
GAMIL2.8_AMIP-sole.time_slice_from_1974.config.20150128-153546.nochecksum.tar
GAMIL2.8_AMIP-sole.time_slice_from_1974.config.20150128-153604.nochecksum.tar
GAMIL2.8_AMIP-sole.time_slice_from_1974.config.20150128-153653.nochecksum.tar
GAMIL2.8_AMIP-sole.time_slice_from_1974.config.20150128-153921.nochecksum.tar
GAMIL2.8_AMIP-sole.time_slice_from_1974.config.20150128-154214.nochecksum.tar
GAMIL2.8_AMIP-sole.time_slice_from_1974.config.20150128-155011.nochecksum.tar
GAMIL2.8_AMIP-sole.time_slice_from_1974.config.20150128-155942.nochecksum.tar
GAMIL2.8_AMIP-sole.time_slice_from_1974.config.20150128-160121.nochecksum.tar
GAMIL2.8_AMIP-sole.time_slice_from_1974.config.20150128-160131.nochecksum.tar
GAMIL2.8_AMIP-sole.time_slice_from_1974.config.20150128-160155.nochecksum.tar
GAMIL2.8_AMIP-sole.time_slice_from_1974.config.20150128-162656.nochecksum.tar
GAMIL2.8_AMIP-sole.time_slice_from_1974.config.20150128-234942.nochecksum.tar
GAMIL2.8_AMIP-sole.time_slice_from_1974.config.20150129-011050.nochecksum.tar
GAMIL2.8_AMIP-sole.time_slice_from_1974.config.20150129-011726.nochecksum.tar
GAMIL2.8_AMIP-sole.time_slice_from_1974.config.20150129-095855.nochecksum.tar
GAMIL2.8_AMIP-sole.time_slice_from_1974.config.20150129-105326.checksum.tar
GAMIL2.8_AMIP-sole.time_slice_from_1974.config.20150129-140425.nochecksum.tar
GAMIL2.8_AMIP-sole.time_slice_from_1974.config.20150131-162508.nochecksum.tar
GAMIL2.8_AMIP-sole.time_slice_from_1974.config.20150131-162912.nochecksum.tar
GAMIL2.8_AMIP-sole.time_slice_from_1974.config.20150205-001624.nochecksum.tar
GAMIL2.8_AMIP-sole.time_slice_from_1974.config.20150205-003612.nochecksum.tar
GAMIL2.8_AMIP-sole.time_slice_from_1974.config.20150306-171839.nochecksum.tar
GAMIL2.8_AMIP-sole.time_slice_from_1974.config.20150306-173024.nochecksum.tar
GAMIL2.8_AMIP-sole.time_slice_from_1974.config.20150306-222435.nochecksum.tar
GAMIL2.8_AMIP-sole.time_slice_from_1974.config.20150327-215840.nochecksum.tar
GAMIL2.8_AMIP-sole.time_slice_from_1974.config.20150327-220412.nochecksum.tar
GAMIL2.8_AMIP-sole.time_slice_from_1974.config.20150327-221419.nochecksum.tar
GAMIL2.8_AMIP-sole.time_slice_from_1974.config.20150327-222303.nochecksum.tar
GAMIL2.8_AMIP-sole.time_slice_from_1974.config.20150327-231146.nochecksum.tar
GAMIL2.8_AMIP-sole.time_slice_from_1974.config.20150327-231500.nochecksum.tar
GAMIL2.8_AMIP-sole.time_slice_from_1974_spinup.config.20150327-234238.nochecksum.tar
GAMIL2.8_AMIP-sole.time_slice_from_1974_spinup.config.20150328-000629.nochecksum.tar
GAMIL2.8_AMIP-sole.time_slice_from_1974_spinup.config.20150328-000911.nochecksum.tar
GAMIL2.8_AMIP-sole.time_slice_from_1974_spinup.config.20150328-001118.nochecksum.tar
GAMIL2.8_AMIP-sole.time_slice_from_1974_spinup.config.20150328-001820.nochecksum.tar
GAMIL2.8_AMIP-sole.time_slice_from_1974_spinup.config.20150329-180116.nochecksum.tar
GAMIL2.8_AMIP-sole.time_slice_from_1974_spinup.config.20150329-182541.nochecksum.tar
GAMIL2.8_AMIP-sole.time_slice_from_1974_spinup.config.20150329-182647.nochecksum.tar
GAMIL2.8_AMIP-sole.time_slice_from_1974_spinup.config.20150330-000156.checksum.tar
MPAS.config.20171218-104141.nochecksum.tar
MPAS.config.20171218-105204.nochecksum.tar
MPAS.config.20171218-105924.nochecksum.tar
MPAS.config.20171218-110208.nochecksum.tar
MPAS.config.20171218-113618.nochecksum.tar
MPAS.config.20171218-135031.nochecksum.tar
MPAS.config.20171218-140554.nochecksum.tar
MPAS.config.20171218-141726.nochecksum.tar
MPAS.config.20171218-142940.nochecksum.tar
MPAS.config.20171218-144014.nochecksum.tar
MPAS.config.20171218-144140.nochecksum.tar
MPAS_WW3.config.20171219-102029.nochecksum.tar
MPAS_WW3.config.20171219-102325.nochecksum.tar
MPAS_WW3.config.20171219-165525.nochecksum.tar
MPAS_WW3.config.20171219-222748.nochecksum.tar
MPAS_WW3.config.20180103-101225.nochecksum.tar
MPAS_WW3.config.20180105-155730.nochecksum.tar
MPAS_WW3.config.20180105-160012.nochecksum.tar
MPAS_WW3.config.20180105-160916.nochecksum.tar
MPAS_WW3.config.20180105-161149.nochecksum.tar
MPAS_WW3.config.20180105-161559.nochecksum.tar
MPAS_WW3.config.20180105-161813.nochecksum.tar
MPAS_WW3.config.20180105-164156.nochecksum.tar
MPAS_WW3.config.20180105-164330.nochecksum.tar
MPAS_WW3.config.20180105-164508.nochecksum.tar
MPAS_WW3.config.20180105-164625.nochecksum.tar
MPAS_WW3.config.20180105-164831.nochecksum.tar
MPAS_WW3.config.20180105-165646.nochecksum.tar
MPAS_WW3.config.20180105-165935.nochecksum.tar
MPAS_WW3.config.20180105-170013.nochecksum.tar
MPAS_WW3.config.20180105-170318.nochecksum.tar
MPAS_WW3.config.20180105-170846.nochecksum.tar
MPAS_WW3.config.20180105-170942.nochecksum.tar
MPAS_WW3.config.20180105-171105.nochecksum.tar
MPAS_WW3.config.20180105-171517.nochecksum.tar
MPAS_WW3.config.20180105-171812.nochecksum.tar
MPAS_WW3.config.20180105-173016.nochecksum.tar
MPAS_WW3.config.20180105-173422.nochecksum.tar
MPAS_WW3.config.20180105-174646.nochecksum.tar
MPAS_WW3.config.20180105-175519.nochecksum.tar
MPAS_WW3.config.20180108-103001.nochecksum.tar
MPAS_WW3.config.20180108-104030.nochecksum.tar
MPAS_WW3.config.20180108-114307.nochecksum.tar
MPAS_WW3.config.20180108-161110.nochecksum.tar
MPAS_WW3.config.20180108-161412.nochecksum.tar
MPAS_WW3.config.20180108-165447.nochecksum.tar
MPAS_WW3.config.20180109-155120.nochecksum.tar
MPAS_WW3.config.20180109-163408.nochecksum.tar
MPAS_WW3.config.20180109-170230.nochecksum.tar
MPAS_WW3.config.20180110-144639.nochecksum.tar
MPAS_WW3.config.20180111-142711.nochecksum.tar
MPAS_WW3.config.20180111-150621.nochecksum.tar
MPAS_WW3.config.20180111-163329.nochecksum.tar
MPAS_WW3.config.20180111-172852.nochecksum.tar
MPAS_WW3.config.20180111-221322.nochecksum.tar
MPAS_WW3.config.20180111-221705.nochecksum.tar
MPAS_WW3.config.20180111-223203.nochecksum.tar
MPAS_WW3.config.20180112-103136.nochecksum.tar
MPAS_WW3.config.20180112-114941.nochecksum.tar
MPAS_WW3.config.20180112-115124.nochecksum.tar
MPAS_WW3.config.20180112-135741.nochecksum.tar
MPAS_WW3.config.20180117-152439.nochecksum.tar
MPAS_WW3.config.20180117-153748.nochecksum.tar
MPAS_WW3.config.20180131-134214.nochecksum.tar
MPAS_WW3.config.20180317-114002.nochecksum.tar
MPAS_WW3.config.20180317-121647.nochecksum.tar
MPAS_WW3.config.20180317-130901.nochecksum.tar
MPAS_WW3.config.20180317-132741.nochecksum.tar
MPAS_WW3.config.20180317-134229.nochecksum.tar
MPAS_WW3.config.20180318-192745.nochecksum.tar
MPAS_WW3.config.20180319-102205.nochecksum.tar
MPAS_WW3.config.20180319-102705.nochecksum.tar
MPAS_WW3.config.20180319-105529.nochecksum.tar
MPAS_WW3.config.20180319-105745.nochecksum.tar
MPAS_WW3.config.20180319-110016.nochecksum.tar
MPAS_WW3.config.20180319-112306.nochecksum.tar
MPAS_WW3.config.20180322-095731.nochecksum.tar
MPAS_WW3.config.20180322-151311.nochecksum.tar
MPAS_WW3.config.20180328-103859.nochecksum.tar
MPAS_WW3.config.20180328-105834.nochecksum.tar
MPAS_WW3.config.20180328-111632.nochecksum.tar
MPAS_WW3.config.20180328-112511.nochecksum.tar
MPAS_WW3.config.20180328-150053.nochecksum.tar
MPAS_WW3.config.20180328-151041.nochecksum.tar
MPAS_WW3.config.20180328-152937.nochecksum.tar
MPAS_WW3.config.20180328-171108.nochecksum.tar
MPAS_WW3.config.20180328-173827.nochecksum.tar
MPAS_WW3.config.20180328-174101.nochecksum.tar
demo.config.20180507-101223.nochecksum.tar
demo.config.20180507-101526.nochecksum.tar
demo.config.20180507-101944.nochecksum.tar
demo.config.20180507-105813.nochecksum.tar
demo.config.20180507-110300.nochecksum.tar
demo.config.20180507-142848.nochecksum.tar
gamil_licom.config.20180507-221446.nochecksum.tar
gamil_licom.config.20180507-221525.nochecksum.tar
gamil_licom.config.20180507-223230.nochecksum.tar
gamil_licom.config.20180508-085340.nochecksum.tar
gamil_licom.config.20180508-090220.nochecksum.tar
gamil_licom.config.20180508-090917.nochecksum.tar
gamil_licom.config.20180508-091701.nochecksum.tar
gamil_licom.config.20180508-094353.nochecksum.tar
gamil_licom.config.20180508-095452.nochecksum.tar
gamil_licom.config.20180508-145251.nochecksum.tar
gamil_licom.config.20180508-145622.nochecksum.tar
gamil_licom.config.20180508-150056.nochecksum.tar
gamil_licom.config.20180508-151850.nochecksum.tar
gamil_licom.config.20180508-153509.nochecksum.tar
gamil_licom.config.20180508-153718.nochecksum.tar
gamil_licom.config.20180508-154020.nochecksum.tar
gamil_licom.config.20180509-110415.nochecksum.tar
gamil_licom.config.20180509-152528.nochecksum.tar
gamil_licom.config.20180509-170244.nochecksum.tar
gamil_licom.config.20180509-172234.nochecksum.tar
gamil_licom.config.20180509-172337.nochecksum.tar
gamil_licom.config.20180509-172804.nochecksum.tar
gamil_licom.config.20180509-172854.nochecksum.tar
gamil_licom.config.20180509-174344.nochecksum.tar
gamil_licom.config.20180509-174756.nochecksum.tar
gamil_licom.config.20180510-103348.nochecksum.tar
gamil_licom.config.20180510-161630.nochecksum.tar
gamil_licom.config.20180510-165804.nochecksum.tar
gamil_licom.config.20180510-165823.nochecksum.tar
atm_ocn_demo.config.20180510-223411.nochecksum.tar
atm_ocn_demo.config.20180510-224157.nochecksum.tar
atm_ocn_demo.config.20180510-225122.nochecksum.tar
atm_ocn_demo.config.20180511-091223.nochecksum.tar
atm_ocn_demo.config.20180511-091544.nochecksum.tar
atm_ocn_demo.config.20180511-095409.nochecksum.tar
atm_ocn_demo.config.20180511-104938.nochecksum.tar
atm_ocn_demo.config.20180511-111626.nochecksum.tar
atm_ocn_demo.config.20180511-115822.nochecksum.tar
atm_ocn_demo.config.20180511-133519.nochecksum.tar
atm_ocn_demo.config.20180511-135028.nochecksum.tar
atm_ocn_demo.config.20180511-135418.nochecksum.tar
atm_ocn_demo.config.20180511-140049.nochecksum.tar
atm_ocn_demo.config.20180511-140555.nochecksum.tar
atm_ocn_demo.config.20180512-171935.nochecksum.tar
atm_ocn_demo.config.20180516-095026.nochecksum.tar
atm_ocn_demo.config.20180516-105332.nochecksum.tar
atm_ocn_demo.config.20180516-161758.nochecksum.tar
atm_ocn_demo.config.20180517-164613.nochecksum.tar
atm_ocn_demo.config.20180521-211102.nochecksum.tar
atm_ocn_demo.config.20180521-214545.nochecksum.tar
atm_ocn_demo.config.20180521-215813.nochecksum.tar
atm_ocn_demo.config.20180522-135356.nochecksum.tar
atm_ocn_demo.config.20180522-135535.nochecksum.tar
atm_ocn_demo.config.20180522-135705.nochecksum.tar
atm_ocn_demo.config.20180522-135731.nochecksum.tar
atm_ocn_demo.config.20180522-135809.nochecksum.tar
atm_ocn_demo.config.20180522-135833.nochecksum.tar
atm_ocn_demo.config.20180522-140159.nochecksum.tar
atm_ocn_demo.config.20180522-140629.nochecksum.tar
atm_ocn_demo.config.20180522-141015.nochecksum.tar
atm_ocn_demo.config.20180522-141732.nochecksum.tar
atm_ocn_demo.config.20180522-141935.nochecksum.tar
atm_ocn_demo.config.20180522-142040.nochecksum.tar
atm_ocn_demo.config.20180522-142142.nochecksum.tar
atm_ocn_demo.config.20180522-142239.nochecksum.tar
atm_ocn_demo.config.20180522-142829.nochecksum.tar
atm_ocn_demo.config.20180522-142943.nochecksum.tar
atm_ocn_demo.config.20180522-143024.nochecksum.tar
atm_ocn_demo.config.20180522-145709.nochecksum.tar
atm_ocn_demo.config.20180522-150615.nochecksum.tar
atm_ocn_demo.config.20180522-164045.nochecksum.tar
atm_ocn_demo.config.20180522-164304.nochecksum.tar
