GAMIL2.8_AMIP-sole.time_slice_from_1974.config.20150128-153212.nochecksum.tar
GAMIL2.8_AMIP-sole.time_slice_from_1974.config.20150128-153243.nochecksum.tar
GAMIL2.8_AMIP-sole.time_slice_from_1974.config.20150128-153403.nochecksum.tar
GAMIL2.8_AMIP-sole.time_slice_from_1974.config.20150128-153509.nochecksum.tar
GAMIL2.8_AMIP-sole.time_slice_from_1974.config.20150128-153546.nochecksum.tar
GAMIL2.8_AMIP-sole.time_slice_from_1974.config.20150128-153604.nochecksum.tar
GAMIL2.8_AMIP-sole.time_slice_from_1974.config.20150128-153653.nochecksum.tar
GAMIL2.8_AMIP-sole.time_slice_from_1974.config.20150128-153921.nochecksum.tar
GAMIL2.8_AMIP-sole.time_slice_from_1974.config.20150128-154214.nochecksum.tar
GAMIL2.8_AMIP-sole.time_slice_from_1974.config.20150128-155011.nochecksum.tar
GAMIL2.8_AMIP-sole.time_slice_from_1974.config.20150128-155942.nochecksum.tar
GAMIL2.8_AMIP-sole.time_slice_from_1974.config.20150128-160121.nochecksum.tar
GAMIL2.8_AMIP-sole.time_slice_from_1974.config.20150128-160131.nochecksum.tar
GAMIL2.8_AMIP-sole.time_slice_from_1974.config.20150128-160155.nochecksum.tar
GAMIL2.8_AMIP-sole.time_slice_from_1974.config.20150128-162656.nochecksum.tar
GAMIL2.8_AMIP-sole.time_slice_from_1974.config.20150128-234942.nochecksum.tar
GAMIL2.8_AMIP-sole.time_slice_from_1974.config.20150129-011050.nochecksum.tar
GAMIL2.8_AMIP-sole.time_slice_from_1974.config.20150129-011726.nochecksum.tar
GAMIL2.8_AMIP-sole.time_slice_from_1974.config.20150129-095855.nochecksum.tar
GAMIL2.8_AMIP-sole.time_slice_from_1974.config.20150129-105326.checksum.tar
GAMIL2.8_AMIP-sole.time_slice_from_1974.config.20150129-140425.nochecksum.tar
GAMIL2.8_AMIP-sole.time_slice_from_1974.config.20150131-162508.nochecksum.tar
GAMIL2.8_AMIP-sole.time_slice_from_1974.config.20150131-162912.nochecksum.tar
GAMIL2.8_AMIP-sole.time_slice_from_1974.config.20150205-001624.nochecksum.tar
GAMIL2.8_AMIP-sole.time_slice_from_1974.config.20150205-003612.nochecksum.tar
GAMIL2.8_AMIP-sole.time_slice_from_1974.config.20150306-171839.nochecksum.tar
GAMIL2.8_AMIP-sole.time_slice_from_1974.config.20150306-173024.nochecksum.tar
GAMIL2.8_AMIP-sole.time_slice_from_1974.config.20150306-222435.nochecksum.tar
GAMIL2.8_AMIP-sole.time_slice_from_1974.config.20150327-215840.nochecksum.tar
GAMIL2.8_AMIP-sole.time_slice_from_1974.config.20150327-220412.nochecksum.tar
GAMIL2.8_AMIP-sole.time_slice_from_1974.config.20150327-221419.nochecksum.tar
GAMIL2.8_AMIP-sole.time_slice_from_1974.config.20150327-222303.nochecksum.tar
GAMIL2.8_AMIP-sole.time_slice_from_1974.config.20150327-231146.nochecksum.tar
GAMIL2.8_AMIP-sole.time_slice_from_1974.config.20150327-231500.nochecksum.tar
GAMIL2.8_AMIP-sole.time_slice_from_1974_spinup.config.20150327-234238.nochecksum.tar
GAMIL2.8_AMIP-sole.time_slice_from_1974_spinup.config.20150328-000629.nochecksum.tar
GAMIL2.8_AMIP-sole.time_slice_from_1974_spinup.config.20150328-000911.nochecksum.tar
GAMIL2.8_AMIP-sole.time_slice_from_1974_spinup.config.20150328-001118.nochecksum.tar
GAMIL2.8_AMIP-sole.time_slice_from_1974_spinup.config.20150328-001820.nochecksum.tar
GAMIL2.8_AMIP-sole.time_slice_from_1974_spinup.config.20150329-180116.nochecksum.tar
GAMIL2.8_AMIP-sole.time_slice_from_1974_spinup.config.20150329-182541.nochecksum.tar
GAMIL2.8_AMIP-sole.time_slice_from_1974_spinup.config.20150329-182647.nochecksum.tar
GAMIL2.8_AMIP-sole.time_slice_from_1974_spinup.config.20150330-000156.checksum.tar
MPAS.config.20171218-104141.nochecksum.tar
MPAS.config.20171218-105204.nochecksum.tar
MPAS.config.20171218-105924.nochecksum.tar
MPAS.config.20171218-110208.nochecksum.tar
MPAS.config.20171218-113618.nochecksum.tar
MPAS.config.20171218-135031.nochecksum.tar
MPAS.config.20171218-140554.nochecksum.tar
MPAS.config.20171218-141726.nochecksum.tar
MPAS.config.20171218-142940.nochecksum.tar
MPAS.config.20171218-144014.nochecksum.tar
MPAS.config.20171218-144140.nochecksum.tar
MPAS_WW3.config.20171219-102029.nochecksum.tar
MPAS_WW3.config.20171219-102325.nochecksum.tar
MPAS_WW3.config.20171219-165525.nochecksum.tar
MPAS_WW3.config.20171219-222748.nochecksum.tar
MPAS_WW3.config.20180103-101225.nochecksum.tar
MPAS_WW3.config.20180105-155730.nochecksum.tar
MPAS_WW3.config.20180105-160012.nochecksum.tar
MPAS_WW3.config.20180105-160916.nochecksum.tar
MPAS_WW3.config.20180105-161149.nochecksum.tar
MPAS_WW3.config.20180105-161559.nochecksum.tar
MPAS_WW3.config.20180105-161813.nochecksum.tar
MPAS_WW3.config.20180105-164156.nochecksum.tar
MPAS_WW3.config.20180105-164330.nochecksum.tar
MPAS_WW3.config.20180105-164508.nochecksum.tar
MPAS_WW3.config.20180105-164625.nochecksum.tar
MPAS_WW3.config.20180105-164831.nochecksum.tar
MPAS_WW3.config.20180105-165646.nochecksum.tar
MPAS_WW3.config.20180105-165935.nochecksum.tar
MPAS_WW3.config.20180105-170013.nochecksum.tar
MPAS_WW3.config.20180105-170318.nochecksum.tar
MPAS_WW3.config.20180105-170846.nochecksum.tar
MPAS_WW3.config.20180105-170942.nochecksum.tar
MPAS_WW3.config.20180105-171105.nochecksum.tar
MPAS_WW3.config.20180105-171517.nochecksum.tar
MPAS_WW3.config.20180105-171812.nochecksum.tar
MPAS_WW3.config.20180105-173016.nochecksum.tar
MPAS_WW3.config.20180105-173422.nochecksum.tar
MPAS_WW3.config.20180105-174646.nochecksum.tar
MPAS_WW3.config.20180105-175519.nochecksum.tar
MPAS_WW3.config.20180108-103001.nochecksum.tar
MPAS_WW3.config.20180108-104030.nochecksum.tar
MPAS_WW3.config.20180108-114307.nochecksum.tar
MPAS_WW3.config.20180108-161110.nochecksum.tar
MPAS_WW3.config.20180108-161412.nochecksum.tar
MPAS_WW3.config.20180108-165447.nochecksum.tar
MPAS_WW3.config.20180109-155120.nochecksum.tar
MPAS_WW3.config.20180109-163408.nochecksum.tar
MPAS_WW3.config.20180109-170230.nochecksum.tar
MPAS_WW3.config.20180110-144639.nochecksum.tar
MPAS_WW3.config.20180111-142711.nochecksum.tar
MPAS_WW3.config.20180111-150621.nochecksum.tar
MPAS_WW3.config.20180111-163329.nochecksum.tar
MPAS_WW3.config.20180111-172852.nochecksum.tar
MPAS_WW3.config.20180111-221322.nochecksum.tar
MPAS_WW3.config.20180111-221705.nochecksum.tar
MPAS_WW3.config.20180111-223203.nochecksum.tar
MPAS_WW3.config.20180112-103136.nochecksum.tar
MPAS_WW3.config.20180112-114941.nochecksum.tar
MPAS_WW3.config.20180112-115124.nochecksum.tar
MPAS_WW3.config.20180112-135741.nochecksum.tar
MPAS_WW3.config.20180117-152439.nochecksum.tar
MPAS_WW3.config.20180117-153748.nochecksum.tar
MPAS_WW3.config.20180131-134214.nochecksum.tar
MPAS_WW3.config.20180317-114002.nochecksum.tar
MPAS_WW3.config.20180317-121647.nochecksum.tar
MPAS_WW3.config.20180317-130901.nochecksum.tar
MPAS_WW3.config.20180317-132741.nochecksum.tar
MPAS_WW3.config.20180317-134229.nochecksum.tar
MPAS_WW3.config.20180318-192745.nochecksum.tar
MPAS_WW3.config.20180319-102205.nochecksum.tar
MPAS_WW3.config.20180319-102705.nochecksum.tar
MPAS_WW3.config.20180319-105529.nochecksum.tar
MPAS_WW3.config.20180319-105745.nochecksum.tar
MPAS_WW3.config.20180319-110016.nochecksum.tar
MPAS_WW3.config.20180319-112306.nochecksum.tar
MPAS_WW3.config.20180322-095731.nochecksum.tar
MPAS_WW3.config.20180322-151311.nochecksum.tar
MPAS_WW3.config.20180328-103859.nochecksum.tar
MPAS_WW3.config.20180328-105834.nochecksum.tar
MPAS_WW3.config.20180328-111632.nochecksum.tar
MPAS_WW3.config.20180328-112511.nochecksum.tar
MPAS_WW3.config.20180328-150053.nochecksum.tar
MPAS_WW3.config.20180328-151041.nochecksum.tar
MPAS_WW3.config.20180328-152937.nochecksum.tar
MPAS_WW3.config.20180328-171108.nochecksum.tar
MPAS_WW3.config.20180328-173827.nochecksum.tar
MPAS_WW3.config.20180328-174101.nochecksum.tar
demo.config.20180507-101223.nochecksum.tar
demo.config.20180507-101526.nochecksum.tar
demo.config.20180507-101944.nochecksum.tar
demo.config.20180507-105813.nochecksum.tar
demo.config.20180507-110300.nochecksum.tar
demo.config.20180507-142848.nochecksum.tar
expr.config.20180507-172025.nochecksum.tar
expr.config.20180507-172230.nochecksum.tar
licom.config.20180507-201456.nochecksum.tar
licom.config.20180507-201605.nochecksum.tar
licom.config.20180507-201741.nochecksum.tar
licom.config.20180507-201835.nochecksum.tar
licom.config.20180507-202145.nochecksum.tar
licom.config.20180507-202915.nochecksum.tar
licom.config.20180507-203313.nochecksum.tar
licom.config.20180507-203618.nochecksum.tar
licom.config.20180507-203739.nochecksum.tar
licom.config.20180507-203902.nochecksum.tar
licom.config.20180507-204450.nochecksum.tar
licom.config.20180507-204539.nochecksum.tar
licom.config.20180507-204754.nochecksum.tar
licom.config.20180507-204834.nochecksum.tar
licom.config.20180507-205120.nochecksum.tar
licom.config.20180507-205318.nochecksum.tar
licom.config.20180507-205523.nochecksum.tar
licom.config.20180507-205700.nochecksum.tar
licom.config.20180507-212518.nochecksum.tar
licom.config.20180507-213028.nochecksum.tar
licom.config.20180507-214021.nochecksum.tar
licom.config.20180507-214216.nochecksum.tar
licom.config.20180507-214305.nochecksum.tar
licom.config.20180507-214329.nochecksum.tar
licom.config.20180507-220614.nochecksum.tar
licom.config.20180509-151220.nochecksum.tar
licom.config.20180510-165920.nochecksum.tar
ocn_demo.config.20180510-174448.nochecksum.tar
ocn_demo.config.20180516-100621.nochecksum.tar
ocn_demo.config.20180516-102943.nochecksum.tar
ocn_demo.config.20180516-103112.nochecksum.tar
ocn_demo.config.20180517-154402.nochecksum.tar
ocn_demo.config.20180522-164439.nochecksum.tar
